<?xml version="1.0" encoding="UTF-8"?>
<testng-results ignored="0" total="3" passed="3" failed="0" skipped="0">
  <reporter-output>
  </reporter-output>
  <suite started-at="2024-11-03T20:22:03 GMT" name="ECommerce Test Suite" finished-at="2024-11-03T20:22:08 GMT" duration-ms="4231">
    <groups>
    </groups>
    <test started-at="2024-11-03T20:22:03 GMT" name="Login Test" finished-at="2024-11-03T20:22:06 GMT" duration-ms="2941">
      <class name="TestCases.LoginTest">
        <test-method signature="Login()[pri:0, instance:TestCases.LoginTest@21282ed8]" started-at="2024-11-03T20:22:03 GMT" name="Login" finished-at="2024-11-03T20:22:06 GMT" duration-ms="2879" status="PASS">
          <reporter-output>
          </reporter-output>
        </test-method> <!-- Login -->
      </class> <!-- TestCases.LoginTest -->
    </test> <!-- Login Test -->
    <test started-at="2024-11-03T20:22:06 GMT" name="Add a Product to the cart Test" finished-at="2024-11-03T20:22:07 GMT" duration-ms="640">
      <class name="TestCases.AddProductToCart">
        <test-method signature="addAproduct()[pri:0, instance:TestCases.AddProductToCart@2a7f1f10]" started-at="2024-11-03T20:22:06 GMT" name="addAproduct" finished-at="2024-11-03T20:22:07 GMT" duration-ms="637" status="PASS">
          <reporter-output>
          </reporter-output>
        </test-method> <!-- addAproduct -->
      </class> <!-- TestCases.AddProductToCart -->
    </test> <!-- Add a Product to the cart Test -->
    <test started-at="2024-11-03T20:22:07 GMT" name="Order a Product Test" finished-at="2024-11-03T20:22:08 GMT" duration-ms="622">
      <class name="TestCases.OrderAProduct">
        <test-method signature="OrderAProductFromCart()[pri:0, instance:TestCases.OrderAProduct@26d9b808]" started-at="2024-11-03T20:22:07 GMT" name="OrderAProductFromCart" finished-at="2024-11-03T20:22:07 GMT" duration-ms="619" status="PASS">
          <reporter-output>
          </reporter-output>
        </test-method> <!-- OrderAProductFromCart -->
      </class> <!-- TestCases.OrderAProduct -->
    </test> <!-- Order a Product Test -->
  </suite> <!-- ECommerce Test Suite -->
</testng-results>
